2026-03-11 16:44:38,688 - data_processor.py:216 - 已生成并保存当天(2026-03-11)的每日汇总数据，共10个板块
2026-03-11 22:03:43,163 - app.py:126 - 启动A股资金流入服务...
2026-03-11 22:03:43,163 - app.py:129 - 获取最新板块资金流入数据...
2026-03-11 22:03:43,715 - app.py:137 - 已获取 50 个板块的数据
2026-03-11 22:03:43,716 - data_collector.py:38 - 启动数据采集线程，每5分钟采集一次数据...
2026-03-11 22:03:43,716 - app.py:146 - 启动Flask服务...
2026-03-11 22:03:43,717 - data_processor.py:161 - 清理过期数据完成: 每日数据 0 个, 实时数据 0 个
2026-03-12 00:07:33,958 - app.py:126 - 启动A股资金流入服务...
2026-03-12 00:07:33,959 - app.py:129 - 获取最新板块资金流入数据...
2026-03-12 00:07:34,527 - app.py:137 - 已获取 50 个板块的数据
2026-03-12 00:07:34,528 - data_collector.py:38 - 启动数据采集线程，每5分钟采集一次数据...
2026-03-12 00:07:34,528 - app.py:146 - 启动Flask服务...
2026-03-12 00:07:34,528 - data_processor.py:161 - 清理过期数据完成: 每日数据 0 个, 实时数据 0 个
2026-03-12 00:16:41,665 - app.py:126 - 启动A股资金流入服务...
2026-03-12 00:16:41,666 - app.py:129 - 获取最新板块资金流入数据...
2026-03-12 00:16:42,285 - app.py:137 - 已获取 50 个板块的数据
2026-03-12 00:16:42,285 - data_collector.py:38 - 启动数据采集线程，每5分钟采集一次数据...
2026-03-12 00:16:42,286 - app.py:146 - 启动Flask服务...
2026-03-12 00:16:42,286 - data_processor.py:161 - 清理过期数据完成: 每日数据 0 个, 实时数据 0 个
2026-03-12 00:34:30,421 - app.py:135 - 启动A股资金流入服务...
2026-03-12 00:34:30,421 - app.py:138 - 获取最新板块资金流入数据...
2026-03-12 00:34:30,974 - app.py:146 - 已获取 50 个板块的数据
2026-03-12 00:34:30,975 - data_collector.py:38 - 启动数据采集线程，每5分钟采集一次数据...
2026-03-12 00:34:30,975 - app.py:155 - 启动Flask服务...
2026-03-12 00:34:30,975 - data_processor.py:161 - 清理过期数据完成: 每日数据 0 个, 实时数据 0 个
2026-03-12 00:39:07,870 - data_processor.py:214 - 已生成并保存当天(2026-03-12)的每日汇总数据，共10个板块
2026-03-12 00:39:32,156 - app.py:138 - 启动A股资金流入服务...
2026-03-12 00:39:32,156 - app.py:141 - 获取最新板块资金流入数据...
2026-03-12 00:39:32,927 - app.py:149 - 已获取 50 个板块的数据
2026-03-12 00:39:32,928 - data_collector.py:38 - 启动数据采集线程，每5分钟采集一次数据...
2026-03-12 00:39:32,928 - app.py:158 - 启动Flask服务...
2026-03-12 00:39:32,928 - data_processor.py:161 - 清理过期数据完成: 每日数据 0 个, 实时数据 0 个
2026-03-12 00:41:28,304 - app.py:138 - 启动A股资金流入服务...
2026-03-12 00:41:28,304 - app.py:141 - 获取最新板块资金流入数据...
2026-03-12 00:41:28,956 - app.py:149 - 已获取 50 个板块的数据
2026-03-12 00:41:28,957 - data_collector.py:38 - 启动数据采集线程，每5分钟采集一次数据...
2026-03-12 00:41:28,957 - app.py:158 - 启动Flask服务...
2026-03-12 00:41:28,957 - data_processor.py:161 - 清理过期数据完成: 每日数据 0 个, 实时数据 0 个
2026-03-12 00:41:56,189 - app.py:138 - 启动A股资金流入服务...
2026-03-12 00:41:56,189 - app.py:141 - 获取最新板块资金流入数据...
2026-03-12 00:41:56,813 - app.py:149 - 已获取 50 个板块的数据
2026-03-12 00:41:56,814 - data_collector.py:38 - 启动数据采集线程，每5分钟采集一次数据...
2026-03-12 00:41:56,814 - app.py:158 - 启动Flask服务...
2026-03-12 00:41:56,814 - data_processor.py:161 - 清理过期数据完成: 每日数据 0 个, 实时数据 0 个
2026-03-12 00:43:26,336 - app.py:138 - 启动A股资金流入服务...
2026-03-12 00:43:26,336 - app.py:141 - 获取最新板块资金流入数据...
2026-03-12 00:43:26,961 - app.py:149 - 已获取 50 个板块的数据
2026-03-12 00:43:26,962 - data_collector.py:38 - 启动数据采集线程，每5分钟采集一次数据...
2026-03-12 00:43:26,962 - app.py:158 - 启动Flask服务...
2026-03-12 00:43:26,962 - data_processor.py:161 - 清理过期数据完成: 每日数据 0 个, 实时数据 0 个
2026-03-12 00:44:54,141 - app.py:138 - 启动A股资金流入服务...
2026-03-12 00:44:54,141 - app.py:141 - 获取最新板块资金流入数据...
2026-03-12 00:44:54,662 - app.py:149 - 已获取 50 个板块的数据
2026-03-12 00:44:54,662 - data_collector.py:38 - 启动数据采集线程，每5分钟采集一次数据...
2026-03-12 00:44:54,662 - app.py:158 - 启动Flask服务...
2026-03-12 00:44:54,663 - data_processor.py:161 - 清理过期数据完成: 每日数据 0 个, 实时数据 0 个
2026-03-12 00:48:11,085 - app.py:92 - 启动A股资金流入服务...
2026-03-12 00:48:11,086 - app.py:95 - 获取最新板块资金流入数据...
2026-03-12 00:48:11,604 - app.py:103 - 已获取 50 个板块的数据
2026-03-12 00:48:11,605 - data_collector.py:38 - 启动数据采集线程，每5分钟采集一次数据...
2026-03-12 00:48:11,605 - app.py:112 - 启动Flask服务...
2026-03-12 00:48:11,606 - data_processor.py:161 - 清理过期数据完成: 每日数据 0 个, 实时数据 0 个
2026-03-12 00:49:19,651 - app.py:92 - 启动A股资金流入服务...
2026-03-12 00:49:19,651 - app.py:95 - 获取最新板块资金流入数据...
2026-03-12 00:49:20,172 - app.py:103 - 已获取 50 个板块的数据
2026-03-12 00:49:20,173 - data_collector.py:38 - 启动数据采集线程，每5分钟采集一次数据...
2026-03-12 00:49:20,173 - app.py:112 - 启动Flask服务...
2026-03-12 00:49:20,174 - data_processor.py:161 - 清理过期数据完成: 每日数据 0 个, 实时数据 0 个
2026-03-12 00:50:02,446 - app.py:92 - 启动A股资金流入服务...
2026-03-12 00:50:02,446 - app.py:95 - 获取最新板块资金流入数据...
2026-03-12 00:50:03,008 - app.py:103 - 已获取 50 个板块的数据
2026-03-12 00:50:03,009 - data_collector.py:38 - 启动数据采集线程，每5分钟采集一次数据...
2026-03-12 00:50:03,009 - app.py:112 - 启动Flask服务...
2026-03-12 00:50:03,009 - data_processor.py:161 - 清理过期数据完成: 每日数据 0 个, 实时数据 0 个
2026-03-12 00:51:43,105 - app.py:92 - 启动A股资金流入服务...
2026-03-12 00:51:43,105 - app.py:95 - 获取最新板块资金流入数据...
2026-03-12 00:51:43,778 - app.py:103 - 已获取 50 个板块的数据
2026-03-12 00:51:43,779 - data_collector.py:38 - 启动数据采集线程，每5分钟采集一次数据...
2026-03-12 00:51:43,779 - app.py:112 - 启动Flask服务...
2026-03-12 00:51:43,779 - data_processor.py:161 - 清理过期数据完成: 每日数据 0 个, 实时数据 0 个
2026-03-12 00:52:03,620 - app.py:92 - 启动A股资金流入服务...
2026-03-12 00:52:03,621 - app.py:95 - 获取最新板块资金流入数据...
2026-03-12 00:52:04,134 - app.py:103 - 已获取 50 个板块的数据
2026-03-12 00:52:04,135 - data_collector.py:38 - 启动数据采集线程，每5分钟采集一次数据...
2026-03-12 00:52:04,135 - app.py:112 - 启动Flask服务...
2026-03-12 00:52:04,135 - data_processor.py:161 - 清理过期数据完成: 每日数据 0 个, 实时数据 0 个
2026-03-12 01:06:35,013 - app.py:92 - 启动A股资金流入服务...
2026-03-12 01:06:35,013 - app.py:95 - 获取最新板块资金流入数据...
2026-03-12 01:06:35,686 - app.py:103 - 已获取 50 个板块的数据
2026-03-12 01:06:35,687 - data_collector.py:38 - 启动数据采集线程，每5分钟采集一次数据...
2026-03-12 01:06:35,687 - app.py:112 - 启动Flask服务...
2026-03-12 01:06:35,687 - data_processor.py:161 - 清理过期数据完成: 每日数据 0 个, 实时数据 0 个
2026-03-13 00:00:37,655 - data_collector.py:55 - 生成昨天(2026-03-12)的每日汇总...
2026-03-13 00:00:37,665 - data_processor.py:273 - 已生成并保存日期(2026-03-12)的每日汇总数据，共10个板块
2026-03-13 00:00:37,665 - data_collector.py:59 - 成功生成昨天(2026-03-12)的每日汇总
2026-03-13 00:00:37,666 - data_processor.py:161 - 清理过期数据完成: 每日数据 0 个, 实时数据 0 个
2026-03-13 00:00:37,666 - data_collector.py:65 - 清理过期数据成功
